<?xml version="1.0" encoding="UTF-8"?>
<testng-results ignored="0" total="5" passed="4" failed="1" skipped="0">
  <reporter-output>
  </reporter-output>
  <suite started-at="2022-03-07T17:08:38 ART" name="tests.Tests" finished-at="2022-03-07T17:11:20 ART" duration-ms="161969">
    <groups>
    </groups>
    <test started-at="2022-03-07T17:08:38 ART" name="Command line test" finished-at="2022-03-07T17:11:20 ART" duration-ms="161969">
      <class name="tests.Tests">
        <test-method is-config="true" signature="setUp()[pri:0, instance:tests.Tests@525b461a]" started-at="2022-03-07T17:08:38 ART" name="setUp" finished-at="2022-03-07T17:08:48 ART" duration-ms="9564" status="PASS">
          <reporter-output>
          </reporter-output>
        </test-method> <!-- setUp -->
        <test-method signature="enviarFormularioCantidadDeCaracteresNoValida()[pri:0, instance:tests.Tests@525b461a]" started-at="2022-03-07T17:08:48 ART" name="enviarFormularioCantidadDeCaracteresNoValida" finished-at="2022-03-07T17:09:15 ART" duration-ms="27607" status="FAIL">
          <exception class="java.lang.AssertionError">
            <message>
              <![CDATA[La validaci贸n de cantidad de caracteres del campo  no funcion贸 expected [true] but found [false]]]>
            </message>
            <full-stacktrace>
              <![CDATA[java.lang.AssertionError: La validaci贸n de cantidad de caracteres del campo  no funcion贸 expected [true] but found [false]
at org.testng.Assert.fail(Assert.java:110)
at org.testng.Assert.failNotEquals(Assert.java:1413)
at org.testng.Assert.assertTrue(Assert.java:56)
at pages.SalesForceContactPage.assertPageCase11to14(SalesForceContactPage.java:171)
at tests.Tests.enviarFormularioCantidadDeCaracteresNoValida(Tests.java:117)
at java.base/jdk.internal.reflect.NativeMethodAccessorImpl.invoke0(Native Method)
at java.base/jdk.internal.reflect.NativeMethodAccessorImpl.invoke(NativeMethodAccessorImpl.java:77)
at java.base/jdk.internal.reflect.DelegatingMethodAccessorImpl.invoke(DelegatingMethodAccessorImpl.java:43)
at java.base/java.lang.reflect.Method.invoke(Method.java:568)
at org.testng.internal.invokers.MethodInvocationHelper.invokeMethod(MethodInvocationHelper.java:135)
at org.testng.internal.invokers.TestInvoker.invokeMethod(TestInvoker.java:673)
at org.testng.internal.invokers.TestInvoker.invokeTestMethod(TestInvoker.java:220)
at org.testng.internal.invokers.MethodRunner.runInSequence(MethodRunner.java:50)
at org.testng.internal.invokers.TestInvoker$MethodInvocationAgent.invoke(TestInvoker.java:945)
at org.testng.internal.invokers.TestInvoker.invokeTestMethods(TestInvoker.java:193)
at org.testng.internal.invokers.TestMethodWorker.invokeTestMethods(TestMethodWorker.java:146)
at org.testng.internal.invokers.TestMethodWorker.run(TestMethodWorker.java:128)
at java.base/java.util.ArrayList.forEach(ArrayList.java:1511)
at org.testng.TestRunner.privateRun(TestRunner.java:808)
at org.testng.TestRunner.run(TestRunner.java:603)
at org.testng.SuiteRunner.runTest(SuiteRunner.java:429)
at org.testng.SuiteRunner.runSequentially(SuiteRunner.java:423)
at org.testng.SuiteRunner.privateRun(SuiteRunner.java:383)
at org.testng.SuiteRunner.run(SuiteRunner.java:326)
at org.testng.SuiteRunnerWorker.runSuite(SuiteRunnerWorker.java:52)
at org.testng.SuiteRunnerWorker.run(SuiteRunnerWorker.java:95)
at org.testng.TestNG.runSuitesSequentially(TestNG.java:1249)
at org.testng.TestNG.runSuitesLocally(TestNG.java:1169)
at org.testng.TestNG.runSuites(TestNG.java:1092)
at org.testng.TestNG.run(TestNG.java:1060)
at org.apache.maven.surefire.testng.TestNGExecutor.run(TestNGExecutor.java:77)
at org.apache.maven.surefire.testng.TestNGDirectoryTestSuite.execute(TestNGDirectoryTestSuite.java:110)
at org.apache.maven.surefire.testng.TestNGProvider.invoke(TestNGProvider.java:106)
at java.base/jdk.internal.reflect.NativeMethodAccessorImpl.invoke0(Native Method)
at java.base/jdk.internal.reflect.NativeMethodAccessorImpl.invoke(NativeMethodAccessorImpl.java:77)
at java.base/jdk.internal.reflect.DelegatingMethodAccessorImpl.invoke(DelegatingMethodAccessorImpl.java:43)
at java.base/java.lang.reflect.Method.invoke(Method.java:568)
at org.apache.maven.surefire.util.ReflectionUtils.invokeMethodWithArray(ReflectionUtils.java:189)
at org.apache.maven.surefire.booter.ProviderFactory$ProviderProxy.invoke(ProviderFactory.java:165)
at org.apache.maven.surefire.booter.ProviderFactory.invokeProvider(ProviderFactory.java:85)
at org.apache.maven.surefire.booter.ForkedBooter.runSuitesInProcess(ForkedBooter.java:115)
at org.apache.maven.surefire.booter.ForkedBooter.main(ForkedBooter.java:75)
]]>
            </full-stacktrace>
          </exception> <!-- java.lang.AssertionError -->
          <reporter-output>
          </reporter-output>
        </test-method> <!-- enviarFormularioCantidadDeCaracteresNoValida -->
        <test-method is-config="true" signature="tearDown()[pri:0, instance:tests.Tests@525b461a]" started-at="2022-03-07T17:09:15 ART" name="tearDown" finished-at="2022-03-07T17:09:19 ART" duration-ms="4159" status="PASS">
          <reporter-output>
          </reporter-output>
        </test-method> <!-- tearDown -->
        <test-method is-config="true" signature="setUp()[pri:0, instance:tests.Tests@525b461a]" started-at="2022-03-07T17:09:19 ART" name="setUp" finished-at="2022-03-07T17:09:27 ART" duration-ms="7780" status="PASS">
          <reporter-output>
          </reporter-output>
        </test-method> <!-- setUp -->
        <test-method signature="enviarFormularioCompletoCorrecto()[pri:0, instance:tests.Tests@525b461a]" started-at="2022-03-07T17:09:27 ART" name="enviarFormularioCompletoCorrecto" finished-at="2022-03-07T17:09:34 ART" duration-ms="6659" status="PASS">
          <reporter-output>
          </reporter-output>
        </test-method> <!-- enviarFormularioCompletoCorrecto -->
        <test-method is-config="true" signature="tearDown()[pri:0, instance:tests.Tests@525b461a]" started-at="2022-03-07T17:09:34 ART" name="tearDown" finished-at="2022-03-07T17:09:38 ART" duration-ms="4159" status="PASS">
          <reporter-output>
          </reporter-output>
        </test-method> <!-- tearDown -->
        <test-method is-config="true" signature="setUp()[pri:0, instance:tests.Tests@525b461a]" started-at="2022-03-07T17:09:38 ART" name="setUp" finished-at="2022-03-07T17:09:46 ART" duration-ms="7627" status="PASS">
          <reporter-output>
          </reporter-output>
        </test-method> <!-- setUp -->
        <test-method signature="enviarFormularioFaltandoUnCampo()[pri:0, instance:tests.Tests@525b461a]" started-at="2022-03-07T17:09:46 ART" name="enviarFormularioFaltandoUnCampo" finished-at="2022-03-07T17:10:19 ART" duration-ms="33222" status="PASS">
          <reporter-output>
          </reporter-output>
        </test-method> <!-- enviarFormularioFaltandoUnCampo -->
        <test-method is-config="true" signature="tearDown()[pri:0, instance:tests.Tests@525b461a]" started-at="2022-03-07T17:10:19 ART" name="tearDown" finished-at="2022-03-07T17:10:23 ART" duration-ms="4124" status="PASS">
          <reporter-output>
          </reporter-output>
        </test-method> <!-- tearDown -->
        <test-method is-config="true" signature="setUp()[pri:0, instance:tests.Tests@525b461a]" started-at="2022-03-07T17:10:23 ART" name="setUp" finished-at="2022-03-07T17:10:31 ART" duration-ms="8373" status="PASS">
          <reporter-output>
          </reporter-output>
        </test-method> <!-- setUp -->
        <test-method signature="enviarFormularioFormatoNoValido()[pri:0, instance:tests.Tests@525b461a]" started-at="2022-03-07T17:10:31 ART" name="enviarFormularioFormatoNoValido" finished-at="2022-03-07T17:11:00 ART" duration-ms="28151" status="PASS">
          <reporter-output>
          </reporter-output>
        </test-method> <!-- enviarFormularioFormatoNoValido -->
        <test-method is-config="true" signature="tearDown()[pri:0, instance:tests.Tests@525b461a]" started-at="2022-03-07T17:11:00 ART" name="tearDown" finished-at="2022-03-07T17:11:04 ART" duration-ms="4122" status="PASS">
          <reporter-output>
          </reporter-output>
        </test-method> <!-- tearDown -->
        <test-method is-config="true" signature="setUp()[pri:0, instance:tests.Tests@525b461a]" started-at="2022-03-07T17:11:04 ART" name="setUp" finished-at="2022-03-07T17:11:10 ART" duration-ms="6548" status="PASS">
          <reporter-output>
          </reporter-output>
        </test-method> <!-- setUp -->
        <test-method signature="enviarFormularioVacio()[pri:0, instance:tests.Tests@525b461a]" started-at="2022-03-07T17:11:10 ART" name="enviarFormularioVacio" finished-at="2022-03-07T17:11:16 ART" duration-ms="5645" status="PASS">
          <reporter-output>
          </reporter-output>
        </test-method> <!-- enviarFormularioVacio -->
        <test-method is-config="true" signature="tearDown()[pri:0, instance:tests.Tests@525b461a]" started-at="2022-03-07T17:11:16 ART" name="tearDown" finished-at="2022-03-07T17:11:20 ART" duration-ms="4154" status="PASS">
          <reporter-output>
          </reporter-output>
        </test-method> <!-- tearDown -->
      </class> <!-- tests.Tests -->
    </test> <!-- Command line test -->
  </suite> <!-- tests.Tests -->
</testng-results>
