-------------------------------------------------------------------------------
Test set: tests.Tests
-------------------------------------------------------------------------------
Tests run: 5, Failures: 1, Errors: 0, Skipped: 0, Time elapsed: 163.031 sec <<< FAILURE!
enviarFormularioCantidadDeCaracteresNoValida(tests.Tests)  Time elapsed: 27.625 sec  <<< FAILURE!
java.lang.AssertionError: La validación de cantidad de caracteres del campo  no funcionó expected [true] but found [false]
	at org.testng.Assert.fail(Assert.java:110)
	at org.testng.Assert.failNotEquals(Assert.java:1413)
	at org.testng.Assert.assertTrue(Assert.java:56)
	at pages.SalesForceContactPage.assertPageCase11to14(SalesForceContactPage.java:171)
	at tests.Tests.enviarFormularioCantidadDeCaracteresNoValida(Tests.java:117)

