<?xml version="1.0" encoding="UTF-8"?>
<!-- Generated by org.testng.reporters.JUnitXMLReporter -->
<testsuite ignored="0" hostname="DESKTOP-V9JD3MI" failures="1" tests="5" name="Command line test" time="161.969" errors="0" timestamp="2022-03-07T17:11:20 ART">
  <testcase classname="tests.Tests" name="enviarFormularioCantidadDeCaracteresNoValida" time="27.607">
    <failure type="java.lang.AssertionError" message="La validaci贸n de cantidad de caracteres del campo  no funcion贸 expected [true] but found [false]">
      <![CDATA[java.lang.AssertionError: La validaci贸n de cantidad de caracteres del campo  no funcion贸 expected [true] but found [false]
at pages.SalesForceContactPage.assertPageCase11to14(SalesForceContactPage.java:171)
at tests.Tests.enviarFormularioCantidadDeCaracteresNoValida(Tests.java:117)
at java.base/java.util.ArrayList.forEach(ArrayList.java:1511)
... Removed 39 stack frames]]>
    </failure>
  </testcase> <!-- enviarFormularioCantidadDeCaracteresNoValida -->
  <testcase classname="tests.Tests" name="enviarFormularioCompletoCorrecto" time="6.659"/>
  <testcase classname="tests.Tests" name="enviarFormularioFaltandoUnCampo" time="33.222"/>
  <testcase classname="tests.Tests" name="enviarFormularioFormatoNoValido" time="28.151"/>
  <testcase classname="tests.Tests" name="enviarFormularioVacio" time="5.645"/>
</testsuite> <!-- Command line test -->
